<?xml version="1.0" encoding="UTF-8"?>
<!-- Generated by org.testng.reporters.JUnitReportReporter -->
<testsuite ignored="0" hostname="MAVBCP2012" failures="0" tests="1" name="Com.TestNGTests" time="22.496" errors="0" timestamp="21 Feb 2021 18:48:13 GMT" skipped="0">
  <testcase classname="Com.TestNGTests" name="validateLogin" time="22.496"/>
</testsuite> <!-- Com.TestNGTests -->
